<?xml version="1.0" encoding="UTF-8"?>
<!-- Generated by org.testng.reporters.JUnitReportReporter -->
<testsuite hostname="FPNTOMEMKL" failures="0" tests="2" name="test.CitriiLoginTest" time="30.469" errors="0" timestamp="2021-08-11T21:29:17 SAST" skipped="0">
  <testcase classname="test.CitriiLoginTest" name="test1" time="15.728"/>
  <system-out/>
  <testcase classname="test.CitriiLoginTest" name="test1" time="14.741"/>
  <system-out/>
</testsuite> <!-- test.CitriiLoginTest -->
